[debug] [2018-04-13T17:16:21.302Z] ----------------------------------------------------------------------
[debug] [2018-04-13T17:16:21.306Z] Command:       /usr/bin/node /usr/bin/firebase deploy
[debug] [2018-04-13T17:16:21.306Z] CLI Version:   3.17.6
[debug] [2018-04-13T17:16:21.306Z] Platform:      linux
[debug] [2018-04-13T17:16:21.306Z] Node Version:  v8.11.1
[debug] [2018-04-13T17:16:21.307Z] Time:          Fri Apr 13 2018 20:16:21 GMT+0300 (EAT)
[debug] [2018-04-13T17:16:21.307Z] ----------------------------------------------------------------------
[debug] 
[debug] [2018-04-13T17:16:21.327Z] > command requires scopes: ["email","openid","https://www.googleapis.com/auth/cloudplatformprojects.readonly","https://www.googleapis.com/auth/firebase","https://www.googleapis.com/auth/cloud-platform"]
[debug] [2018-04-13T17:16:21.328Z] > authorizing via signed-in user
[debug] [2018-04-13T17:16:21.332Z] >>> HTTP REQUEST GET https://admin.firebase.com/v1/projects/proteldemo  
  
 Fri Apr 13 2018 20:16:21 GMT+0300 (EAT)
[debug] [2018-04-13T17:16:23.090Z] <<< HTTP RESPONSE 200
[debug] [2018-04-13T17:16:23.092Z] >>> HTTP REQUEST GET https://admin.firebase.com/v1/database/proteldemo/tokens  
  
 Fri Apr 13 2018 20:16:23 GMT+0300 (EAT)
[debug] [2018-04-13T17:16:24.628Z] <<< HTTP RESPONSE 200
[info] 
[info] === Deploying to 'proteldemo'...
[info] 
[info] i  deploying database, storage, firestore, functions, hosting
[info] Running command: npm --prefix "$RESOURCE_DIR" run lint
[info] Running command: npm --prefix "$RESOURCE_DIR" run build
[info] ✔  functions: Finished running predeploy script.
[info] i  database: checking rules syntax...
[debug] [2018-04-13T17:16:36.551Z] >>> HTTP REQUEST PUT https://proteldemo.firebaseio.com/.settings/rules.json?dryRun=true  
 {
  "rules": {
    ".read": "auth != null",
    ".write": "auth != null"
  }
} 
 Fri Apr 13 2018 20:16:36 GMT+0300 (EAT)
[debug] [2018-04-13T17:16:39.767Z] <<< HTTP RESPONSE 200
[info] ✔  database: rules syntax for database proteldemo is valid
[debug] [2018-04-13T17:16:39.771Z] >>> HTTP REQUEST GET https://appengine.googleapis.com/v1/apps/proteldemo  
  
 Fri Apr 13 2018 20:16:39 GMT+0300 (EAT)
[debug] [2018-04-13T17:16:42.177Z] <<< HTTP RESPONSE 200
[info] i  storage: checking storage.rules for compilation errors...
[debug] [2018-04-13T17:16:42.182Z] >>> HTTP REQUEST POST https://firebaserules.googleapis.com/v1/projects/proteldemo:test  
 { source: { files: [ [Object] ] } } 
 Fri Apr 13 2018 20:16:42 GMT+0300 (EAT)
[debug] [2018-04-13T17:16:43.887Z] <<< HTTP RESPONSE 200
[info] ✔  storage: rules file storage.rules compiled successfully
[info] i  firestore: checking firestore.rules for compilation errors...
[debug] [2018-04-13T17:16:43.891Z] >>> HTTP REQUEST POST https://firebaserules.googleapis.com/v1/projects/proteldemo:test  
 { source: { files: [ [Object] ] } } 
 Fri Apr 13 2018 20:16:43 GMT+0300 (EAT)
[debug] [2018-04-13T17:16:45.220Z] <<< HTTP RESPONSE 200
[info] ✔  firestore: rules file firestore.rules compiled successfully
[debug] [2018-04-13T17:16:45.222Z] > [functions] package.json contents: {
  "name": "functions",
  "scripts": {
    "lint": "tslint --project tsconfig.json",
    "build": "tsc",
    "serve": "npm run build && firebase serve --only functions",
    "shell": "npm run build && firebase experimental:functions:shell",
    "start": "npm run shell",
    "deploy": "firebase deploy --only functions",
    "logs": "firebase functions:log"
  },
  "main": "lib/index.js",
  "dependencies": {
    "firebase-admin": "~5.8.1",
    "firebase-functions": "^0.8.1"
  },
  "devDependencies": {
    "tslint": "^5.8.0",
    "typescript": "^2.5.3"
  },
  "private": true
}
[info] i  functions: ensuring necessary APIs are enabled...
[debug] [2018-04-13T17:16:45.223Z] >>> HTTP REQUEST GET https://servicemanagement.googleapis.com/v1/services/cloudfunctions.googleapis.com/projectSettings/proteldemo?view=CONSUMER_VIEW  
  
 Fri Apr 13 2018 20:16:45 GMT+0300 (EAT)
[debug] [2018-04-13T17:16:45.224Z] >>> HTTP REQUEST GET https://servicemanagement.googleapis.com/v1/services/runtimeconfig.googleapis.com/projectSettings/proteldemo?view=CONSUMER_VIEW  
  
 Fri Apr 13 2018 20:16:45 GMT+0300 (EAT)
[debug] [2018-04-13T17:16:47.805Z] <<< HTTP RESPONSE 200
[debug] [2018-04-13T17:16:48.651Z] <<< HTTP RESPONSE 200
[info] ✔  functions: all necessary APIs are enabled
[debug] [2018-04-13T17:16:48.654Z] >>> HTTP REQUEST GET https://cloudresourcemanager.googleapis.com/v1/projects/proteldemo  
  
 Fri Apr 13 2018 20:16:48 GMT+0300 (EAT)
[debug] [2018-04-13T17:16:50.566Z] <<< HTTP RESPONSE 200
[debug] [2018-04-13T17:16:50.567Z] >>> HTTP REQUEST GET https://mobilesdk-pa.googleapis.com/v1/projects/552589291333:getServerAppConfig  
  
 Fri Apr 13 2018 20:16:50 GMT+0300 (EAT)
[debug] [2018-04-13T17:16:51.768Z] <<< HTTP RESPONSE 200
[info] i  storage: uploading rules storage.rules...
[debug] [2018-04-13T17:16:51.775Z] >>> HTTP REQUEST POST https://firebaserules.googleapis.com/v1/projects/proteldemo/rulesets  
 { source: { files: [ [Object] ] } } 
 Fri Apr 13 2018 20:16:51 GMT+0300 (EAT)
[debug] [2018-04-13T17:16:52.971Z] <<< HTTP RESPONSE 200
[debug] [2018-04-13T17:16:52.971Z] [rules] created ruleset projects/proteldemo/rulesets/75fa144a-7dc8-4483-827c-b6d79a28f754
[info] i  firestore: uploading rules firestore.rules...
[debug] [2018-04-13T17:16:52.974Z] >>> HTTP REQUEST POST https://firebaserules.googleapis.com/v1/projects/proteldemo/rulesets  
 { source: { files: [ [Object] ] } } 
 Fri Apr 13 2018 20:16:52 GMT+0300 (EAT)
[debug] [2018-04-13T17:16:52.975Z] >>> HTTP REQUEST GET https://firestore.googleapis.com/v1beta1/projects/proteldemo/databases/(default)/indexes  
  
 Fri Apr 13 2018 20:16:52 GMT+0300 (EAT)
[debug] [2018-04-13T17:16:54.090Z] <<< HTTP RESPONSE 200
[debug] [2018-04-13T17:16:54.091Z] [rules] created ruleset projects/proteldemo/rulesets/d6b6c938-33a3-4821-8f1d-9bce4aff2eaf
[debug] [2018-04-13T17:16:54.844Z] <<< HTTP RESPONSE 200
[info] i  functions: preparing functions directory for uploading...
[debug] [2018-04-13T17:16:54.849Z] >>> HTTP REQUEST GET https://runtimeconfig.googleapis.com/v1beta1/projects/proteldemo/configs  
  
 Fri Apr 13 2018 20:16:54 GMT+0300 (EAT)
[debug] [2018-04-13T17:16:55.762Z] <<< HTTP RESPONSE 200
[info] i  hosting: preparing dist directory for upload...
[debug] [2018-04-13T17:16:56.826Z] >>> HTTP REQUEST PUT https://deploy.firebase.com/v1/hosting/proteldemo/uploads/-LA--bt0q6eGOPu8RQ1a?fileCount=12&message=  
  
 Fri Apr 13 2018 20:16:56 GMT+0300 (EAT)
[debug] [2018-04-13T17:25:20.879Z] Error: read ECONNRESET
    at _errnoException (util.js:1022:11)
    at TLSWrap.onread (net.js:628:25)
[error] 
[error] Error: Server Error. read ECONNRESET
